

Microchip Technology PIC LITE Macro Assembler V1.35 build -356382666 
                                                                                               Tue Dec 12 14:37:35 2017

Microchip Technology Omniscient Code Generator v1.35 (Free mode) build 201507080246
     1                           	processor	10F320
     2                           	opt	pw 120
     3                           	opt	lm
     4                           	psect	idataBANK0,global,class=CODE,delta=2
     5                           	psect	cinit,global,class=CODE,merge=1,delta=2
     6                           	psect	dataBANK0,global,class=BANK0,space=1,delta=1
     7                           	psect	cstackCOMMON,global,class=COMMON,space=1,delta=1
     8                           	psect	cstackBANK0,global,class=BANK0,space=1,delta=1
     9                           	psect	maintext,global,class=CODE,split=1,delta=2
    10                           	psect	text1,local,class=CODE,merge=1,delta=2
    11                           	psect	text2,local,class=CODE,merge=1,delta=2
    12                           	dabs	1,0x7E,2
    13  0000                     	;# 
    14  0001                     	;# 
    15  0002                     	;# 
    16  0003                     	;# 
    17  0004                     	;# 
    18  0005                     	;# 
    19  0006                     	;# 
    20  0007                     	;# 
    21  0008                     	;# 
    22  0009                     	;# 
    23  000A                     	;# 
    24  000B                     	;# 
    25  000C                     	;# 
    26  000D                     	;# 
    27  000E                     	;# 
    28  000F                     	;# 
    29  0010                     	;# 
    30  0011                     	;# 
    31  0012                     	;# 
    32  0013                     	;# 
    33  0014                     	;# 
    34  0015                     	;# 
    35  0016                     	;# 
    36  0016                     	;# 
    37  0017                     	;# 
    38  0018                     	;# 
    39  0019                     	;# 
    40  0019                     	;# 
    41  001A                     	;# 
    42  001B                     	;# 
    43  001C                     	;# 
    44  001D                     	;# 
    45  001E                     	;# 
    46  001F                     	;# 
    47  0020                     	;# 
    48  0020                     	;# 
    49  0021                     	;# 
    50  0022                     	;# 
    51  0022                     	;# 
    52  0023                     	;# 
    53  0024                     	;# 
    54  0025                     	;# 
    55  0026                     	;# 
    56  0027                     	;# 
    57  0027                     	;# 
    58  0028                     	;# 
    59  0029                     	;# 
    60  002A                     	;# 
    61  002A                     	;# 
    62  002B                     	;# 
    63  002C                     	;# 
    64  002D                     	;# 
    65  002E                     	;# 
    66  0030                     	;# 
    67  0031                     	;# 
    68  0032                     	;# 
    69  0033                     	;# 
    70  0034                     	;# 
    71  0035                     	;# 
    72  0036                     	;# 
    73  0037                     	;# 
    74  0038                     	;# 
    75  0039                     	;# 
    76  003A                     	;# 
    77  003B                     	;# 
    78  003C                     	;# 
    79  003D                     	;# 
    80  003E                     	;# 
    81  003F                     	;# 
    82                           
    83                           	psect	idataBANK0
    84  007B                     __pidataBANK0:	
    85                           
    86                           ;initializer for _bright1
    87  007B  3400               	retlw	0
    88  007C  3496               	retlw	150
    89                           
    90                           ;initializer for _bright2
    91  007D  3400               	retlw	0
    92  007E  34D6               	retlw	214
    93                           
    94                           ;initializer for _lfsr1
    95  007F  3440               	retlw	64
    96  0080  3456               	retlw	86
    97                           
    98                           ;initializer for _shiftregisters2
    99  0081  34E2               	retlw	226
   100  0082  3496               	retlw	150
   101  001F                     _ADCONbits	set	31
   102  0008                     _ANSELAbits	set	8
   103  001D                     _FVRCONbits	set	29
   104  0010                     _OSCCONbits	set	16
   105  0006                     _TRISAbits	set	6
   106                           
   107                           ; #config settings
   108  0000                     
   109                           	psect	cinit
   110  0001                     start_initialization:	
   111  0001                     __initialization:	
   112                           
   113                           ; Initialize objects allocated to BANK0
   114  0001  207B               	fcall	__pidataBANK0	;fetch initializer
   115  0002  00C0               	movwf	__pdataBANK0& (0+127)
   116  0003  207C               	fcall	__pidataBANK0+1	;fetch initializer
   117  0004  00C1               	movwf	(__pdataBANK0+1)& (0+127)
   118  0005  207D               	fcall	__pidataBANK0+2	;fetch initializer
   119  0006  00C2               	movwf	(__pdataBANK0+2)& (0+127)
   120  0007  207E               	fcall	__pidataBANK0+3	;fetch initializer
   121  0008  00C3               	movwf	(__pdataBANK0+3)& (0+127)
   122  0009  207F               	fcall	__pidataBANK0+4	;fetch initializer
   123  000A  00C4               	movwf	(__pdataBANK0+4)& (0+127)
   124  000B  2080               	fcall	__pidataBANK0+5	;fetch initializer
   125  000C  00C5               	movwf	(__pdataBANK0+5)& (0+127)
   126  000D  2081               	fcall	__pidataBANK0+6	;fetch initializer
   127  000E  00C6               	movwf	(__pdataBANK0+6)& (0+127)
   128  000F  2082               	fcall	__pidataBANK0+7	;fetch initializer
   129  0010  00C7               	movwf	(__pdataBANK0+7)& (0+127)
   130  0011                     end_of_initialization:	
   131                           ;End of C runtime variable initialization code
   132                           
   133  0011                     __end_of__initialization:	
   134  0011  0183               	clrf	3
   135  0012  2883               	ljmp	_main	;jump to C main() function
   136                           
   137                           	psect	dataBANK0
   138  0040                     __pdataBANK0:	
   139  0040                     _bright1:	
   140  0040                     	ds	2
   141  0042                     _bright2:	
   142  0042                     	ds	2
   143  0044                     _lfsr1:	
   144  0044                     	ds	2
   145  0046                     _shiftregisters2:	
   146  0046                     	ds	2
   147                           
   148                           	psect	cstackCOMMON
   149  0000                     __pcstackCOMMON:	
   150  0000                     ??_init:	
   151  0000                     ??_main:	
   152                           ; 0 bytes @ 0x0
   153                           
   154                           
   155                           	psect	cstackBANK0
   156  0048                     __pcstackBANK0:	
   157                           ; 0 bytes @ 0x0
   158                           
   159  0048                     ?_init:	
   160  0048                     ?_randomize:	
   161                           ; 0 bytes @ 0x0
   162                           
   163  0048                     ??_randomize:	
   164                           ; 0 bytes @ 0x0
   165                           
   166  0048                     ?_main:	
   167                           ; 0 bytes @ 0x0
   168                           
   169                           
   170                           ; 0 bytes @ 0x0
   171  0048                     	ds	6
   172  004E                     randomize@fb:	
   173                           
   174                           ; 2 bytes @ 0x6
   175  004E                     	ds	2
   176                           
   177                           	psect	maintext
   178  0083                     __pmaintext:	
   179 ;;
   180 ;;Main: autosize = 0, tempsize = 0, incstack = 0, save=0
   181 ;;
   182 ;; *************** function _main *****************
   183 ;; Defined at:
   184 ;;		line 34 in file "main.c"
   185 ;; Parameters:    Size  Location     Type
   186 ;;		None
   187 ;; Auto vars:     Size  Location     Type
   188 ;;		None
   189 ;; Return value:  Size  Location     Type
   190 ;;		None               void
   191 ;; Registers used:
   192 ;;		wreg, status,2, status,0, btemp+1, pclath, cstack
   193 ;; Tracked objects:
   194 ;;		On entry : B00/0
   195 ;;		On exit  : 0/0
   196 ;;		Unchanged: 0/0
   197 ;; Data sizes:     COMMON   BANK0
   198 ;;      Params:         0       0
   199 ;;      Locals:         0       0
   200 ;;      Temps:          0       0
   201 ;;      Totals:         0       0
   202 ;;Total ram usage:        0 bytes
   203 ;; Hardware stack levels required when called:    1
   204 ;; This function calls:
   205 ;;		_init
   206 ;;		_randomize
   207 ;; This function is called by:
   208 ;;		Startup code after reset
   209 ;; This function uses a non-reentrant model
   210 ;;
   211                           
   212                           
   213                           ;psect for function _main
   214  0083                     _main:	
   215                           
   216                           ;main.c: 36: init();
   217                           
   218                           ;incstack = 0
   219                           ; Regs used in _main: [wreg+status,2+status,0+btemp+1+pclath+cstack]
   220  0083  2066               	fcall	_init
   221  0084                     l491:	
   222                           ;main.c: 38: while(1) {
   223                           
   224                           
   225                           ;main.c: 40: randomize();
   226  0084  2013               	fcall	_randomize
   227  0085  2884               	goto	l491
   228  0086                     __end_of_main:	
   229                           ;main.c: 41: }
   230                           ;main.c: 43: return;
   231                           
   232                           
   233                           	psect	text1
   234  0013                     __ptext1:	
   235 ;; *************** function _randomize *****************
   236 ;; Defined at:
   237 ;;		line 46 in file "main.c"
   238 ;; Parameters:    Size  Location     Type
   239 ;;		None
   240 ;; Auto vars:     Size  Location     Type
   241 ;;  fb              2    6[BANK0 ] unsigned short 
   242 ;; Return value:  Size  Location     Type
   243 ;;		None               void
   244 ;; Registers used:
   245 ;;		wreg, status,2, status,0, btemp+1
   246 ;; Tracked objects:
   247 ;;		On entry : 0/0
   248 ;;		On exit  : 0/0
   249 ;;		Unchanged: 0/0
   250 ;; Data sizes:     COMMON   BANK0
   251 ;;      Params:         0       0
   252 ;;      Locals:         0       2
   253 ;;      Temps:          0       6
   254 ;;      Totals:         0       8
   255 ;;Total ram usage:        8 bytes
   256 ;; Hardware stack levels used:    1
   257 ;; This function calls:
   258 ;;		Nothing
   259 ;; This function is called by:
   260 ;;		_main
   261 ;; This function uses a non-reentrant model
   262 ;;
   263                           
   264                           
   265                           ;psect for function _randomize
   266  0013                     _randomize:	
   267                           
   268                           ;main.c: 47: unsigned short fb;
   269                           ;main.c: 49: fb = ((lfsr1 >> 1) ^ (lfsr1 >> 2)) & 1;
   270                           
   271                           ;incstack = 0
   272                           ; Regs used in _randomize: [wreg+status,2+status,0+btemp+1]
   273  0013  0845               	movf	_lfsr1+1,w
   274  0014  00C9               	movwf	??_randomize+1
   275  0015  0844               	movf	_lfsr1,w
   276  0016  00C8               	movwf	??_randomize
   277  0017  1003               	clrc
   278  0018  0CC9               	rrf	??_randomize+1,f
   279  0019  0CC8               	rrf	??_randomize,f
   280  001A  1003               	clrc
   281  001B  0CC9               	rrf	??_randomize+1,f
   282  001C  0CC8               	rrf	??_randomize,f
   283  001D  0845               	movf	_lfsr1+1,w
   284  001E  00CB               	movwf	??_randomize+3
   285  001F  0844               	movf	_lfsr1,w
   286  0020  00CA               	movwf	??_randomize+2
   287  0021  1003               	clrc
   288  0022  0CCB               	rrf	??_randomize+3,f
   289  0023  0CCA               	rrf	??_randomize+2,f
   290  0024  0848               	movf	??_randomize,w
   291  0025  064A               	xorwf	??_randomize+2,w
   292  0026  00CC               	movwf	??_randomize+4
   293  0027  0849               	movf	??_randomize+1,w
   294  0028  064B               	xorwf	??_randomize+3,w
   295  0029  00CD               	movwf	??_randomize+5
   296  002A  3001               	movlw	1
   297  002B  054C               	andwf	??_randomize+4,w
   298  002C  00CE               	movwf	randomize@fb
   299  002D  3000               	movlw	0
   300  002E  054D               	andwf	??_randomize+5,w
   301  002F  00CF               	movwf	randomize@fb+1
   302                           
   303                           ;main.c: 50: lfsr1 = (lfsr1 >> 1) | (fb << 15);
   304  0030  084F               	movf	randomize@fb+1,w
   305  0031  00C9               	movwf	??_randomize+1
   306  0032  084E               	movf	randomize@fb,w
   307  0033  00C8               	movwf	??_randomize
   308  0034  300F               	movlw	15
   309  0035  00FF               	movwf	127
   310  0036                     u55:	
   311  0036  1003               	clrc
   312  0037  0DC8               	rlf	??_randomize,f
   313  0038  0DC9               	rlf	??_randomize+1,f
   314  0039  0BFF               	decfsz	127,f
   315  003A  2836               	goto	u55
   316  003B  0845               	movf	_lfsr1+1,w
   317  003C  00CB               	movwf	??_randomize+3
   318  003D  0844               	movf	_lfsr1,w
   319  003E  00CA               	movwf	??_randomize+2
   320  003F  1003               	clrc
   321  0040  0CCB               	rrf	??_randomize+3,f
   322  0041  0CCA               	rrf	??_randomize+2,f
   323  0042  0848               	movf	??_randomize,w
   324  0043  044A               	iorwf	??_randomize+2,w
   325  0044  00C4               	movwf	_lfsr1
   326  0045  0849               	movf	??_randomize+1,w
   327  0046  044B               	iorwf	??_randomize+3,w
   328  0047  00C5               	movwf	_lfsr1+1
   329                           
   330                           ;main.c: 52: if ( (lfsr1 & 0x01) && (bright1 <= 0xFC00))
   331  0048  1C44               	btfss	_lfsr1,0
   332  0049  2858               	goto	l485
   333  004A  30FC               	movlw	252
   334  004B  0241               	subwf	_bright1+1,w
   335  004C  3001               	movlw	1
   336  004D  1903               	skipnz
   337  004E  0240               	subwf	_bright1,w
   338  004F  1803               	skipnc
   339  0050  2858               	goto	l485
   340                           
   341                           ;main.c: 53: bright1 ++;
   342  0051  3001               	movlw	1
   343  0052  07C0               	addwf	_bright1,f
   344  0053  1803               	skipnc
   345  0054  0AC1               	incf	_bright1+1,f
   346  0055  3000               	movlw	0
   347  0056  07C1               	addwf	_bright1+1,f
   348  0057  0008               	return
   349  0058                     l485:	
   350                           
   351                           ;main.c: 54: else if ( bright1 >= 0x1000 )
   352  0058  3010               	movlw	16
   353  0059  0241               	subwf	_bright1+1,w
   354  005A  3000               	movlw	0
   355  005B  1903               	skipnz
   356  005C  0240               	subwf	_bright1,w
   357  005D  1C03               	skipc
   358  005E  0008               	return
   359                           
   360                           ;main.c: 55: bright1 --;
   361  005F  3001               	movlw	1
   362  0060  02C0               	subwf	_bright1,f
   363  0061  3000               	movlw	0
   364  0062  1C03               	skipc
   365  0063  03C1               	decf	_bright1+1,f
   366  0064  02C1               	subwf	_bright1+1,f
   367  0065  0008               	return
   368  0066                     __end_of_randomize:	
   369                           
   370                           	psect	text2
   371  0066                     __ptext2:	
   372 ;; *************** function _init *****************
   373 ;; Defined at:
   374 ;;		line 59 in file "main.c"
   375 ;; Parameters:    Size  Location     Type
   376 ;;		None
   377 ;; Auto vars:     Size  Location     Type
   378 ;;		None
   379 ;; Return value:  Size  Location     Type
   380 ;;		None               void
   381 ;; Registers used:
   382 ;;		wreg, status,2, status,0
   383 ;; Tracked objects:
   384 ;;		On entry : 0/0
   385 ;;		On exit  : 0/0
   386 ;;		Unchanged: 0/0
   387 ;; Data sizes:     COMMON   BANK0
   388 ;;      Params:         0       0
   389 ;;      Locals:         0       0
   390 ;;      Temps:          0       0
   391 ;;      Totals:         0       0
   392 ;;Total ram usage:        0 bytes
   393 ;; Hardware stack levels used:    1
   394 ;; This function calls:
   395 ;;		Nothing
   396 ;; This function is called by:
   397 ;;		_main
   398 ;; This function uses a non-reentrant model
   399 ;;
   400                           
   401                           
   402                           ;psect for function _init
   403  0066                     _init:	
   404                           
   405                           ;main.c: 61: OSCCONbits.IRCF = 0b111;
   406                           
   407                           ;incstack = 0
   408                           ; Regs used in _init: [wreg+status,2+status,0]
   409  0066  3070               	movlw	112
   410  0067  0490               	iorwf	16,f	;volatile
   411                           
   412                           ;main.c: 64: TRISAbits.TRISA0 = 0b0;
   413  0068  1006               	bcf	6,0	;volatile
   414                           
   415                           ;main.c: 65: TRISAbits.TRISA1 = 0b0;
   416  0069  1086               	bcf	6,1	;volatile
   417                           
   418                           ;main.c: 66: TRISAbits.TRISA2 = 0b1;
   419  006A  1506               	bsf	6,2	;volatile
   420                           
   421                           ;main.c: 68: ANSELAbits.ANSA0 = 0b0;
   422  006B  1008               	bcf	8,0	;volatile
   423                           
   424                           ;main.c: 69: ANSELAbits.ANSA1 = 0b0;
   425  006C  1088               	bcf	8,1	;volatile
   426                           
   427                           ;main.c: 70: ANSELAbits.ANSA2 = 0b1;
   428  006D  1508               	bsf	8,2	;volatile
   429                           
   430                           ;main.c: 73: ADCONbits.CHS = 0b010;
   431  006E  081F               	movf	31,w	;volatile
   432  006F  39E3               	andlw	-29
   433  0070  3808               	iorlw	8
   434  0071  009F               	movwf	31	;volatile
   435                           
   436                           ;main.c: 74: ADCONbits.ADON = 1;
   437  0072  141F               	bsf	31,0	;volatile
   438                           
   439                           ;main.c: 75: ADCONbits.ADCS = 0b010;
   440  0073  081F               	movf	31,w	;volatile
   441  0074  391F               	andlw	-225
   442  0075  3840               	iorlw	64
   443  0076  009F               	movwf	31	;volatile
   444                           
   445                           ;main.c: 78: FVRCONbits.ADFVR0 = 0b0;
   446  0077  101D               	bcf	29,0	;volatile
   447                           
   448                           ;main.c: 79: FVRCONbits.ADFVR1 = 0b1;
   449  0078  149D               	bsf	29,1	;volatile
   450                           
   451                           ;main.c: 80: FVRCONbits.FVREN = 0b1;
   452  0079  179D               	bsf	29,7	;volatile
   453  007A  0008               	return
   454  007B                     __end_of_init:	
   455  007E                     btemp	set	126	;btemp
   456  007E                     wtemp	set	126
   457  007E                     wtemp0	set	126
   458  0080                     wtemp1	set	128
   459  0082                     wtemp2	set	130
   460  0084                     wtemp3	set	132
   461  0086                     wtemp4	set	134
   462  0088                     wtemp5	set	136
   463  007F                     wtemp6	set	127
   464  007E                     ttemp	set	126
   465  007E                     ttemp0	set	126
   466  0081                     ttemp1	set	129
   467  0084                     ttemp2	set	132
   468  0087                     ttemp3	set	135
   469  007F                     ttemp4	set	127
   470  007E                     ltemp	set	126
   471  007E                     ltemp0	set	126
   472  0082                     ltemp1	set	130
   473  0086                     ltemp2	set	134
   474  0080                     ltemp3	set	128


Data Sizes:
    Strings     0
    Constant    0
    Data        8
    BSS         0
    Persistent  0
    Stack       0

Auto Spaces:
    Space          Size  Autos    Used
    COMMON            0      0       0
    BANK0            62      8      16

Pointer List with Targets:

    None.

Critical Paths under _main in COMMON

    None.

Critical Paths under _main in BANK0

    _main->_randomize

Call Graph Tables:

 ---------------------------------------------------------------------------------
 (Depth) Function   	        Calls       Base Space   Used Autos Params    Refs
 ---------------------------------------------------------------------------------
 (0) _main                                                 0     0      0      23
                               _init
                          _randomize
 ---------------------------------------------------------------------------------
 (1) _randomize                                            8     8      0      23
                                              0 BANK0      8     8      0
 ---------------------------------------------------------------------------------
 (1) _init                                                 0     0      0       0
 ---------------------------------------------------------------------------------
 Estimated maximum stack depth 1
 ---------------------------------------------------------------------------------

 Call Graph Graphs:

 _main (ROOT)
   _init
   _randomize

 Address spaces:
Name               Size   Autos  Total    Cost      Usage
BANK0               3E      8      10       3       25.8%
BITBANK0            3E      0       0       6        0.0%
SFR0                 0      0       0       1        0.0%
BITSFR0              0      0       0       1        0.0%
COMMON               0      0       0       1        0.0%
BITCOMMON            0      0       0       0        0.0%
CODE                 0      0       0       0        0.0%
DATA                 0      0      10       5        0.0%
ABS                  0      0      10       4        0.0%
NULL                 0      0       0       0        0.0%
STACK                0      0       0       2        0.0%


Microchip Technology PIC Macro Assembler V1.35 build -356382666 
Symbol Table                                                                                   Tue Dec 12 14:37:35 2017

            __CFG_CP$OFF 0000                       u55 0036                      l491 0084  
                    l485 0058             __CFG_BORV$LO 0000             __CFG_LVP$OFF 0000  
           __CFG_WRT$OFF 0000                     _main 0083                     _init 0066  
                   btemp 007E            __CFG_BOREN$ON 0000          _shiftregisters2 0046  
                   ltemp 007E                     start 0000                     ttemp 007E  
                   wtemp 007E            __CFG_LPBOR$ON 0000                    ?_main 0048  
                  ?_init 0048                    _lfsr1 0044                    ltemp0 007E  
                  ltemp1 0082                    ltemp2 0086                    ltemp3 0080  
                  ttemp0 007E                    ttemp1 0081                    ttemp2 0084  
                  ttemp3 0087                    ttemp4 007F                    status 0003  
                  wtemp0 007E                    wtemp1 0080                    wtemp2 0082  
                  wtemp3 0084                    wtemp4 0086                    wtemp5 0088  
                  wtemp6 007F           __CFG_MCLRE$OFF 0000          __initialization 0001  
           __end_of_main 0086             __end_of_init 007B                   ??_main 0000  
                 ??_init 0000           __CFG_PWRTE$OFF 0000  __end_of__initialization 0011  
         __pcstackCOMMON 0000             __pidataBANK0 007B              randomize@fb 004E  
             __pmaintext 0083       __size_of_randomize 0053                _ADCONbits 001F  
                __ptext1 0013                  __ptext2 0066                  _bright1 0040  
                _bright2 0042        __end_of_randomize 0066     end_of_initialization 0011  
       __CFG_FOSC$INTOSC 0000                _TRISAbits 0006      start_initialization 0001  
            __pdataBANK0 0040                ___latbits 0000            __pcstackBANK0 0048  
       __CFG_WDTE$SWDTEN 0000                _randomize 0013               ?_randomize 0048  
             _ANSELAbits 0008            __size_of_main 0003            __size_of_init 0015  
             _FVRCONbits 001D              ??_randomize 0048               _OSCCONbits 0010  
